iMPACT Version: 14.7

iMPACT log file Started on Sat Nov 07 21:58:06 2020

Welcome to iMPACT
iMPACT Version: 14.7
// *** BATCH CMD : setMode -bs
// *** BATCH CMD : setMode -ss
// *** BATCH CMD : setMode -sm
// *** BATCH CMD : setMode -hw140
// *** BATCH CMD : setMode -spi
// *** BATCH CMD : setMode -acecf
// *** BATCH CMD : setMode -acempm
// *** BATCH CMD : setMode -pff
// *** BATCH CMD : loadProjectFile -file"C:\MCL\MCL86\MCL86jr\MCL86jr_Impact.ipf"
'1': Loading file 'C:\MCL\MCL86\MCL86jr\MCL86jr\mcl86jr.bit' ...
INFO:iMPACT - Elapsed time =      0 sec.
done.
INFO:iMPACT:501 - '1': Added Device xc6slx9 successfully.
----------------------------------------------------------------------
'1': Added Device 16M successfully.
----------------------------------------------------------------------
Active mode is BS
// *** BATCH CMD : setMode -ss
// *** BATCH CMD : setMode -sm
// *** BATCH CMD : setMode -hw140
// *** BATCH CMD : setMode -spi
// *** BATCH CMD : setMode -acecf
// *** BATCH CMD : setMode -acempm
// *** BATCH CMD : setMode -pff
// *** BATCH CMD : setMode -bs
// *** BATCH CMD : setMode -pff
// *** BATCH CMD : setCurrentDesign -version 0
// *** BATCH CMD : setMode -pff
// *** BATCH CMD : setCurrentDeviceChain -index 0
// *** BATCH CMD : setMode -bs
GUI --- Auto connect to cable...
// *** BATCH CMD : setCable -port auto
AutoDetecting cable. Please wait.
*** WARNING ***: When port is set to auto detect mode, cable speed is set todefault 6 MHz regardless of explicit arguments supplied for setting the baudrates
PROGRESS_START - Starting Operation.
Connecting to cable (Usb Port - USB21).
Checking cable driver.
 Driver file xusb_xp2.sys found.
 Driver version: src=2301, dest=2301.
 Driver windrvr6.sys version = 10.2.1.0. WinDriver v10.21 Jungo (c) 1997 - 2010 Build Date: Aug 31 2010 x86_64 64bit SYS14:14:44, version = 1021.
 Cable PID = 0008.
 Max current requested during enumeration is 300 mA.
Type = 0x0005.
write (count, cmdBuffer, dataBuffer) failed C0000004.
 Cable Type = 3, Revision = 0.
 Setting cable speed to 6 MHz.
Cable connection established.
Firmware version = 2301.
File version of C:/Xilinx/14.7/ISE_DS/ISE/data/xusb_xp2.hex = 2401.
Firmware hex file version = 2401.
Downloading C:/Xilinx/14.7/ISE_DS/ISE/data/xusb_xp2.hex.
Downloaded firmware version = 2401.
PLD file version = 200Dh.
 PLD version = 200Dh.
PROGRESS_END - End Operation.
Elapsed time =      1 sec.
Type = 0x0005.
ESN option: 0000149BE10901.
Attempting to identify devices in the boundary-scan chain configuration...
INFO:iMPACT - Current time: 11/7/2020 9:58:25 PM
// *** BATCH CMD : Identify -inferir 
PROGRESS_START - Starting Operation.
Identifying chain contents...'0': : Manufacturer's ID = Xilinx xc6slx9, Version : 2
INFO:iMPACT:1777 - 
   Reading C:/Xilinx/14.7/ISE_DS/ISE/spartan6/data/xc6slx9.bsd...
INFO:iMPACT:501 - '1': Added Device xc6slx9 successfully.
----------------------------------------------------------------------
done.
PROGRESS_END - End Operation.
Elapsed time =      0 sec.
// *** BATCH CMD : identifyMPM 
// *** BATCH CMD : assignFile -p 1 -file"C:/MCL/MCL86/MCL86jr/MCL86jr/mcl86jr.bit"
'1': Loading file 'C:/MCL/MCL86/MCL86jr/MCL86jr/mcl86jr.bit' ...
done.
INFO:iMPACT:2257 - Startup Clock has been changed to 'JtagClk' in the bitstream   stored in memory,
   but the original bitstream file remains unchanged.
UserID read from the bitstream file = 0xFFFFFFFF.
Data width read from the bitstream file = 1.
INFO:iMPACT:501 - '1': Added Device xc6slx9 successfully.
----------------------------------------------------------------------
INFO:iMPACT - Current time: 11/7/2020 9:59:04 PM
// *** BATCH CMD : Program -p 1 
Maximum TCK operating frequency for this device chain: 25000000.
Validating chain...
Boundary-scan chain validated successfully.
'1': Programming device...
PROGRESS_START - Starting Operation.
 LCK_cycle = NoWait.
LCK cycle: NoWait
done.
'1': Reading status register contents...
[0] CRC ERROR                                                              :        0
[1] IDCODE ERROR                                                           :        0
[2] DCM LOCK STATUS                                                        :        1
[3] GTS_CFG_B STATUS                                                       :        1
[4] GWE STATUS                                                             :        1
[5] GHIGH STATUS                                                           :        1
[6] DECRYPTION ERROR                                                       :        0
[7] DECRYPTOR ENABLE                                                       :        0
[8] HSWAPEN PIN                                                            :        1
[9] MODE PIN M[0]                                                          :        1
[10] MODE PIN M[1]                                                         :        1
[11] RESERVED                                                              :        0
[12] INIT_B PIN                                                            :        1
[13] DONE PIN                                                              :        1
[14] SUSPEND STATUS                                                        :        0
[15] FALLBACK STATUS                                                       :        0
INFO:iMPACT:2219 - Status register values:
INFO:iMPACT - 0011 1100 1110 1100 
INFO:iMPACT:579 - '1': Completed downloading bit file to device.
INFO:iMPACT:188 - '1': Programming completed successfully.
 LCK_cycle = NoWait.
LCK cycle: NoWait
INFO:iMPACT - '1': Checking done pin....done.
'1': Programmed successfully.
PROGRESS_END - End Operation.
Elapsed time =      1 sec.
Selected part: W25Q128FV
// *** BATCH CMD : attachflash -position 1 -spi "W25Q128FV"
Unprotect sectors: FALSE
// *** BATCH CMD : assignfiletoattachedflash -position 1 -file"C:/MCL/MCL86/MCL86jr/Untitled.mcs"
// *** BATCH CMD : setMode -bs
// *** BATCH CMD : deleteDevice -position 1
// *** BATCH CMD : setMode -bs
// *** BATCH CMD : setMode -ss
// *** BATCH CMD : setMode -sm
// *** BATCH CMD : setMode -hw140
// *** BATCH CMD : setMode -spi
// *** BATCH CMD : setMode -acecf
// *** BATCH CMD : setMode -acempm
// *** BATCH CMD : setMode -pff
// *** BATCH CMD : loadProjectFile -file"C:\MCL\MCL86\MCL86jr\MCL86jr_Impact.ipf"
'1': Loading file 'C:\MCL\MCL86\MCL86jr\MCL86jr\mcl86jr.bit' ...
INFO:iMPACT - Elapsed time =      0 sec.
done.
INFO:iMPACT:501 - '1': Added Device xc6slx9 successfully.
----------------------------------------------------------------------
'1': Added Device 16M successfully.
----------------------------------------------------------------------
Active mode is BS
// *** BATCH CMD : setMode -ss
// *** BATCH CMD : setMode -sm
// *** BATCH CMD : setMode -hw140
// *** BATCH CMD : setMode -spi
// *** BATCH CMD : setMode -acecf
// *** BATCH CMD : setMode -acempm
// *** BATCH CMD : setMode -pff
// *** BATCH CMD : setMode -bs
// *** BATCH CMD : setMode -pff
// *** BATCH CMD : setCurrentDesign -version 0
// *** BATCH CMD : setMode -pff
// *** BATCH CMD : setCurrentDeviceChain -index 0
// *** BATCH CMD : setSubmode -pffspi
// *** BATCH CMD : setMode -pff
------------------------  GUI: Wizard Data Report  ---------------------------
      Compression : false
      Fill Value : FF
      Output Format : mcs
      Swap Bits : false
      LoadDirection : UP
      PROM Basename : Untitled
      File Location : C:\MCL\MCL86\MCL86jr/
      Auto Select : false
      Number of Revisions : 1
      Number of PROMs : 1
      PROM Name : 16M   PROM Size : 16777216 bits
        ------ Revision: 0 '0', 1 device(s) chain -----
        Device 0, pn=xc6slx9   fn=mcl86jr.bit
-------------------------- END of Report ----------------------------
// *** BATCH CMD : setMode -bs
// *** BATCH CMD : setMode -pff
// *** BATCH CMD : setSubmode -pffspi
// *** BATCH CMD : setMode -bs
// *** BATCH CMD : setMode -pff
// *** BATCH CMD : setSubmode -pffspi
INFO:iMPACT - Current time: 11/7/2020 10:00:53 PM
// *** BATCH CMD : setMode -pff
// *** BATCH CMD : setSubmode -pffspi
Total configuration bit size = 2727072  bits.
Total configuration byte size = 340884 bytes.
// *** BATCH CMD : generate
0x53394 (340884) bytes loaded up from 0x0
Using user-specified prom size of 16384K
Writing file "C:\MCL\MCL86\MCL86jr\Untitled.mcs".
Writing file "C:\MCL\MCL86\MCL86jr\Untitled.prm".
Writing file "C:\MCL\MCL86\MCL86jr\Untitled.cfi".
// *** BATCH CMD : setCurrentDesign -version 0
// *** BATCH CMD : setMode -bs
// *** BATCH CMD : setMode -pff
// *** BATCH CMD : setSubmode -pffspi
// *** BATCH CMD : setMode -bs
// *** BATCH CMD : setMode -pff
// *** BATCH CMD : setSubmode -pffspi
// *** BATCH CMD : setMode -bs
GUI --- Auto connect to cable...
// *** BATCH CMD : setCable -port auto
AutoDetecting cable. Please wait.
*** WARNING ***: When port is set to auto detect mode, cable speed is set todefault 6 MHz regardless of explicit arguments supplied for setting the baudrates
PROGRESS_START - Starting Operation.
Connecting to cable (Usb Port - USB21).
Checking cable driver.
 Driver file xusb_xp2.sys found.
 Driver version: src=2301, dest=2301.
 Driver windrvr6.sys version = 10.2.1.0. WinDriver v10.21 Jungo (c) 1997 - 2010 Build Date: Aug 31 2010 x86_64 64bit SYS14:14:44, version = 1021.
 Cable PID = 0008.
 Max current requested during enumeration is 300 mA.
Type = 0x0005.
 Cable Type = 3, Revision = 0.
 Setting cable speed to 6 MHz.
Cable connection established.
Firmware version = 2401.
File version of C:/Xilinx/14.7/ISE_DS/ISE/data/xusb_xp2.hex = 2401.
Firmware hex file version = 2401.
PLD file version = 200Dh.
 PLD version = 200Dh.
PROGRESS_END - End Operation.
Elapsed time =      1 sec.
Type = 0x0005.
ESN option: 0000149BE10901.
Attempting to identify devices in the boundary-scan chain configuration...
INFO:iMPACT - Current time: 11/7/2020 10:01:13 PM
// *** BATCH CMD : Identify -inferir 
PROGRESS_START - Starting Operation.
Identifying chain contents...'0': : Manufacturer's ID = Xilinx xc6slx9, Version : 2
INFO:iMPACT:1777 - 
   Reading C:/Xilinx/14.7/ISE_DS/ISE/spartan6/data/xc6slx9.bsd...
INFO:iMPACT:501 - '1': Added Device xc6slx9 successfully.
----------------------------------------------------------------------
done.
PROGRESS_END - End Operation.
Elapsed time =      0 sec.
// *** BATCH CMD : identifyMPM 
Selected part: W25Q128FV
// *** BATCH CMD : attachflash -position 1 -spi "W25Q128FV"
Unprotect sectors: FALSE
// *** BATCH CMD : assignfiletoattachedflash -position 1 -file"C:/MCL/MCL86/MCL86jr/Untitled.mcs"
// *** BATCH CMD : setMode -bs
// *** BATCH CMD : setMode -ss
// *** BATCH CMD : setMode -sm
// *** BATCH CMD : setMode -hw140
// *** BATCH CMD : setMode -spi
// *** BATCH CMD : setMode -acecf
// *** BATCH CMD : setMode -acempm
// *** BATCH CMD : setMode -pff
// *** BATCH CMD : setMode -bs
// *** BATCH CMD : saveProjectFile -file"C:\MCL\MCL86\MCL86jr\MCL86jr_Impact.ipf"
INFO:iMPACT - Current time: 11/7/2020 10:01:48 PM
// *** BATCH CMD : Program -p 1 -dataWidth 1 -spionly -e -v -loadfpga 
Maximum TCK operating frequency for this device chain: 25000000.
Validating chain...
Boundary-scan chain validated successfully.
'1': SPI access core not detected. SPI access core will be downloaded to thedevice to enable operations.
INFO:iMPACT - Downloading core file   C:/Xilinx/14.7/ISE_DS/ISE/spartan6/data/xc6slx9_spi.cor.
PROGRESS_START - Starting Operation.
'1': Downloading core...
 LCK_cycle = NoWait.
LCK cycle: NoWait
done.
'1': Reading status register contents...
INFO:iMPACT:2219 - Status register values:
INFO:iMPACT - 0011 1100 1110 1100 
INFO:iMPACT:2492 - '1': Completed downloading core to device.
'1': IDCODE is 'ef4018' (in hex).
'1': ID Check passed.
'1': IDCODE is 'ef4018' (in hex).
'1': ID Check passed.
'1': Erasing Device.
'1': Using Bulk Erase.
'1': Erasing non-volatile quad-enable bit...
'1': Programming Flash.
'1': Reading device contents...
done.
'1': Verification completed.
'1':Programming in x1 mode.
W25Q128FV Status Register Contents = 0x0200.
STATUS REGISTER PROTECT 0                         :         0
SECTOR PROTECT                                    :         0
TOP/BOTTOM PROTECT                                :         0
BLOCK PROTECT BIT 2                               :         0
BLOCK PROTECT BIT 1                               :         0
BLOCK PROTECT BIT 0                               :         0
'1': Configuration data download to FPGA was not successful. DONE did not gohigh, please check your configuration setup and mode settings.
INFO:iMPACT - '1': Flash was not programmed successfully.
PROGRESS_END - End Operation.
Elapsed time =    141 sec.
// *** BATCH CMD : setMode -bs
// *** BATCH CMD : setMode -ss
// *** BATCH CMD : setMode -sm
// *** BATCH CMD : setMode -hw140
// *** BATCH CMD : setMode -spi
// *** BATCH CMD : setMode -acecf
// *** BATCH CMD : setMode -acempm
// *** BATCH CMD : setMode -pff
// *** BATCH CMD : setMode -bs
// *** BATCH CMD : saveProjectFile -file"C:\MCL\MCL86\MCL86jr\MCL86jr_Impact.ipf"
// *** BATCH CMD : setMode -bs
// *** BATCH CMD : setMode -ss
// *** BATCH CMD : setMode -sm
// *** BATCH CMD : setMode -hw140
// *** BATCH CMD : setMode -spi
// *** BATCH CMD : setMode -acecf
// *** BATCH CMD : setMode -acempm
// *** BATCH CMD : setMode -pff
// *** BATCH CMD : setMode -bs
// *** BATCH CMD : saveProjectFile -file"C:\MCL\MCL86\MCL86jr\MCL86jr_Impact.ipf"
// *** BATCH CMD : setMode -bs
// *** BATCH CMD : setMode -pff
INFO:iMPACT - Launching WebTalk, please refer to the webtalk log at   C:\MCL\MCL86\MCL86jr/webtalk.log for details.
INFO:iMPACT - Running wbtc successfully.
// *** BATCH CMD : setMode -bs
// *** BATCH CMD : deleteDevice -position 1
// *** BATCH CMD : setMode -bs
// *** BATCH CMD : setMode -ss
// *** BATCH CMD : setMode -sm
// *** BATCH CMD : setMode -hw140
// *** BATCH CMD : setMode -spi
// *** BATCH CMD : setMode -acecf
// *** BATCH CMD : setMode -acempm
// *** BATCH CMD : setMode -pff
// *** BATCH CMD : deletePromDevice -position 1
// *** BATCH CMD : setCurrentDesign -version 0
// *** BATCH CMD : deleteDevice -position 1
// *** BATCH CMD : deleteDesign -version 0
// *** BATCH CMD : setCurrentDesign -version -1
